<?xml version="1.0" encoding="UTF-8"?>
<testng-results ignored="2" total="11" passed="9" failed="0" skipped="0">
  <reporter-output>
  </reporter-output>
  <suite started-at="2022-04-11T22:48:33 IST" name="Suite" finished-at="2022-04-11T22:48:33 IST" duration-ms="202">
    <groups>
    </groups>
    <test started-at="2022-04-11T22:48:33 IST" name="Test" finished-at="2022-04-11T22:48:33 IST" duration-ms="97">
      <class name="com.test.com.day2">
        <test-method is-config="true" signature="prerequisties()[pri:0, instance:com.test.com.day2@49d904ec]" started-at="2022-04-11T22:48:33 IST" name="prerequisties" finished-at="2022-04-11T22:48:33 IST" duration-ms="18" status="PASS">
          <reporter-output>
          </reporter-output>
        </test-method> <!-- prerequisties -->
      </class> <!-- com.test.com.day2 -->
      <class name="com.test.com.day3">
        <test-method signature="LoginAPICarLoan()[pri:0, instance:com.test.com.day3@48e4374]" started-at="2022-04-11T22:48:33 IST" name="LoginAPICarLoan" finished-at="2022-04-11T22:48:33 IST" duration-ms="1" status="PASS">
          <reporter-output>
          </reporter-output>
        </test-method> <!-- LoginAPICarLoan -->
        <test-method signature="MobileLoginCarLoan()[pri:0, instance:com.test.com.day3@48e4374]" started-at="2022-04-11T22:48:33 IST" name="MobileLoginCarLoan" finished-at="2022-04-11T22:48:33 IST" duration-ms="1" status="PASS">
          <reporter-output>
          </reporter-output>
        </test-method> <!-- MobileLoginCarLoan -->
        <test-method signature="WebLoginCarLoan()[pri:0, instance:com.test.com.day3@48e4374]" started-at="2022-04-11T22:48:33 IST" name="WebLoginCarLoan" finished-at="2022-04-11T22:48:33 IST" duration-ms="1" status="PASS">
          <reporter-output>
          </reporter-output>
        </test-method> <!-- WebLoginCarLoan -->
      </class> <!-- com.test.com.day3 -->
      <class name="com.test.com.day1">
        <test-method signature="Test2()[pri:0, instance:com.test.com.day1@778d1062]" started-at="2022-04-11T22:48:33 IST" name="Test2" finished-at="2022-04-11T22:48:33 IST" duration-ms="10" status="PASS">
          <reporter-output>
          </reporter-output>
        </test-method> <!-- Test2 -->
      </class> <!-- com.test.com.day1 -->
      <class name="com.test.com.day4">
        <test-method signature="LoginAPIHomeLoan()[pri:0, instance:com.test.com.day4@4a22f9e2]" started-at="2022-04-11T22:48:33 IST" name="LoginAPIHomeLoan" finished-at="2022-04-11T22:48:33 IST" duration-ms="2" status="PASS">
          <reporter-output>
          </reporter-output>
        </test-method> <!-- LoginAPIHomeLoan -->
        <test-method signature="MobileLoginHomeLoan()[pri:0, instance:com.test.com.day4@4a22f9e2]" started-at="2022-04-11T22:48:33 IST" name="MobileLoginHomeLoan" finished-at="2022-04-11T22:48:33 IST" duration-ms="1" status="PASS">
          <reporter-output>
          </reporter-output>
        </test-method> <!-- MobileLoginHomeLoan -->
        <test-method signature="WebLoginHomeLoan()[pri:0, instance:com.test.com.day4@4a22f9e2]" started-at="2022-04-11T22:48:33 IST" name="WebLoginHomeLoan" finished-at="2022-04-11T22:48:33 IST" duration-ms="1" status="PASS">
          <reporter-output>
          </reporter-output>
        </test-method> <!-- WebLoginHomeLoan -->
      </class> <!-- com.test.com.day4 -->
    </test> <!-- Test -->
    <test started-at="2022-04-11T22:48:33 IST" name="car Loan" finished-at="2022-04-11T22:48:33 IST" duration-ms="7">
      <class name="com.test.com.day3">
        <test-method signature="LoginAPICarLoan()[pri:0, instance:com.test.com.day3@28eaa59a]" started-at="2022-04-11T22:48:33 IST" name="LoginAPICarLoan" finished-at="2022-04-11T22:48:33 IST" duration-ms="1" status="PASS">
          <reporter-output>
          </reporter-output>
        </test-method> <!-- LoginAPICarLoan -->
        <test-method signature="WebLoginCarLoan()[pri:0, instance:com.test.com.day3@28eaa59a]" started-at="2022-04-11T22:48:33 IST" name="WebLoginCarLoan" finished-at="2022-04-11T22:48:33 IST" duration-ms="2" status="PASS">
          <reporter-output>
          </reporter-output>
        </test-method> <!-- WebLoginCarLoan -->
      </class> <!-- com.test.com.day3 -->
    </test> <!-- car Loan -->
  </suite> <!-- Suite -->
</testng-results>
