<?xml version="1.0" encoding="UTF-8"?>
<!-- Generated by org.testng.reporters.JUnitXMLReporter -->
<testsuite ignored="1" hostname="DESKTOP-J3T55CM" failures="0" tests="2" name="car Loan" time="0.007" errors="0" timestamp="2022-04-11T22:48:33 IST">
  <testcase classname="com.test.com.day3" name="LoginAPICarLoan" time="0.001"/>
  <testcase classname="com.test.com.day3" name="WebLoginCarLoan" time="0.002"/>
  <testcase classname="com.test.com.day3" name="MobileLoginCarLoan" time="0.0">
    <ignored/>
  </testcase> <!-- MobileLoginCarLoan -->
</testsuite> <!-- car Loan -->
