<?xml version="1.0" encoding="UTF-8"?>
<!-- Generated by org.testng.reporters.JUnitXMLReporter -->
<testsuite ignored="1" hostname="DESKTOP-J3T55CM" failures="0" tests="7" name="Test" time="0.097" errors="0" timestamp="2022-04-11T22:48:33 IST">
  <testcase classname="com.test.com.day1" name="Test2" time="0.01"/>
  <testcase classname="com.test.com.day3" name="LoginAPICarLoan" time="0.001"/>
  <testcase classname="com.test.com.day3" name="MobileLoginCarLoan" time="0.001"/>
  <testcase classname="com.test.com.day3" name="WebLoginCarLoan" time="0.001"/>
  <testcase classname="com.test.com.day4" name="LoginAPIHomeLoan" time="0.002"/>
  <testcase classname="com.test.com.day4" name="MobileLoginHomeLoan" time="0.001"/>
  <testcase classname="com.test.com.day4" name="WebLoginHomeLoan" time="0.001"/>
  <testcase classname="com.test.com.day1" name="Demo" time="0.0">
    <ignored/>
  </testcase> <!-- Demo -->
</testsuite> <!-- Test -->
